Build target 'Target 1'
compiling pingpong68_v3.c...
pingpong68_v3.c(97): warning C294: unreachable code
pingpong68_v3.c(220): warning C291: not every exit path returns a value
pingpong68_v3.c(225): warning C291: not every exit path returns a value
linking...
*** WARNING L16: UNCALLED SEGMENT, IGNORED FOR OVERLAY PROCESS
    SEGMENT: ?PR?_XSECONDS?PINGPONG68_V3

*** WARNING L16: UNCALLED SEGMENT, IGNORED FOR OVERLAY PROCESS
    SEGMENT: ?PR?_XLED?PINGPONG68_V3

*** WARNING L16: UNCALLED SEGMENT, IGNORED FOR OVERLAY PROCESS
    SEGMENT: ?PR?XGETFULLKEY?PINGPONG68_V3

*** WARNING L16: UNCALLED SEGMENT, IGNORED FOR OVERLAY PROCESS
    SEGMENT: ?PR?XRESETKEY?PINGPONG68_V3

*** WARNING L16: UNCALLED SEGMENT, IGNORED FOR OVERLAY PROCESS
    SEGMENT: ?PR?XGETSIDEKEYS?PINGPONG68_V3

*** WARNING L16: UNCALLED SEGMENT, IGNORED FOR OVERLAY PROCESS
    SEGMENT: ?PR?GET_BIN?PINGPONG68_V3

*** WARNING L16: UNCALLED SEGMENT, IGNORED FOR OVERLAY PROCESS
    SEGMENT: ?PR?_GET_COL?PINGPONG68_V3

*** WARNING L16: UNCALLED SEGMENT, IGNORED FOR OVERLAY PROCESS
    SEGMENT: ?PR?_XROW?PINGPONG68_V3

*** WARNING L16: UNCALLED SEGMENT, IGNORED FOR OVERLAY PROCESS
    SEGMENT: ?PR?DISPLAY?PINGPONG68_V3

*** WARNING L16: UNCALLED SEGMENT, IGNORED FOR OVERLAY PROCESS
    SEGMENT: ?PR?_CHANGE_INCREMEMT?PINGPONG68_V3

*** WARNING L16: UNCALLED SEGMENT, IGNORED FOR OVERLAY PROCESS
    SEGMENT: ?PR?ERROR_CRASH?PINGPONG68_V3

*** WARNING L16: UNCALLED SEGMENT, IGNORED FOR OVERLAY PROCESS
    SEGMENT: ?PR?_PSPLIT?PINGPONG68_V3

*** WARNING L16: UNCALLED SEGMENT, IGNORED FOR OVERLAY PROCESS
    SEGMENT: ?PR?RUNXTIMER?PINGPONG68_V3

*** WARNING L16: UNCALLED SEGMENT, IGNORED FOR OVERLAY PROCESS
    SEGMENT: ?PR?STOPXTIMER?PINGPONG68_V3

*** WARNING L16: UNCALLED SEGMENT, IGNORED FOR OVERLAY PROCESS
    SEGMENT: ?PR?TIMERCHANGED?PINGPONG68_V3

*** WARNING L16: UNCALLED SEGMENT, IGNORED FOR OVERLAY PROCESS
    SEGMENT: ?PR?_TIMERCOUNTED?PINGPONG68_V3

*** WARNING L16: UNCALLED SEGMENT, IGNORED FOR OVERLAY PROCESS
    SEGMENT: ?PR?DEBUGLIGHTS?PINGPONG68_V3

Program Size: data=75.1 xdata=68 code=4056
creating hex file from ".\Objects\PingPong68_v3"...
".\Objects\PingPong68_v3" - 0 Error(s), 20 Warning(s).
Build Time Elapsed:  00:00:01
