Build target 'Target 1'
compiling pingpong68_v4.c...
linking...
*** WARNING L16: UNCALLED SEGMENT, IGNORED FOR OVERLAY PROCESS
    SEGMENT: ?PR?XBEEP?PINGPONG68_V4

*** WARNING L16: UNCALLED SEGMENT, IGNORED FOR OVERLAY PROCESS
    SEGMENT: ?PR?_XSECONDS?PINGPONG68_V4

*** WARNING L16: UNCALLED SEGMENT, IGNORED FOR OVERLAY PROCESS
    SEGMENT: ?PR?XGETFULLKEY?PINGPONG68_V4

*** WARNING L16: UNCALLED SEGMENT, IGNORED FOR OVERLAY PROCESS
    SEGMENT: ?PR?XRESETKEY?PINGPONG68_V4

*** WARNING L16: UNCALLED SEGMENT, IGNORED FOR OVERLAY PROCESS
    SEGMENT: ?PR?GET_BIN?PINGPONG68_V4

*** WARNING L16: UNCALLED SEGMENT, IGNORED FOR OVERLAY PROCESS
    SEGMENT: ?PR?_GET_COL?PINGPONG68_V4

*** WARNING L16: UNCALLED SEGMENT, IGNORED FOR OVERLAY PROCESS
    SEGMENT: ?PR?_XROW?PINGPONG68_V4

*** WARNING L16: UNCALLED SEGMENT, IGNORED FOR OVERLAY PROCESS
    SEGMENT: ?PR?_CHANGE_INCREMEMT?PINGPONG68_V4

Program Size: data=69.1 xdata=64 code=4802
creating hex file from ".\Objects\PingPong68_v4"...
".\Objects\PingPong68_v4" - 0 Error(s), 8 Warning(s).
Build Time Elapsed:  00:00:00
