C51 COMPILER V9.60.0.0   _PAULO_PULSE_MODU                                                 07/22/2020 16:14:02 PAGE 1   


C51 COMPILER V9.60.0.0, COMPILATION OF MODULE _PAULO_PULSE_MODU
OBJECT MODULE PLACED IN .\Objects\[paulo]pulse_modu.obj
COMPILER INVOKED BY: C:\Keil_v5\C51\BIN\C51.EXE [paulo]pulse_modu.c OPTIMIZE(8,SPEED) BROWSE DEBUG OBJECTEXTEND PRINT(.\
                    -Listings\[paulo]pulse_modu.lst) TABS(2) OBJECT(.\Objects\[paulo]pulse_modu.obj)

line level    source

   1          #include<reg52.h>
   2          
   3          sbit dc_motor = P1^0; 
   4          sbit motor_switch = P3^4;
   5          sbit speedUp = P3^6;
   6          sbit speedDown = P3^7;
   7          
   8          char dutyCyle = 50;
   9          char period = 10;
  10          
  11          void delay(char x);// delay function
  12            
  13          void main()
  14          {
  15   1        
  16   1         while(1)
  17   1         {
  18   2            P1 = 0;
  19   2            dc_motor=1;
  20   2            delay(period*(dutyCyle/100));
  21   2            dc_motor=0;
  22   2            P1 = 0xff;
  23   2            delay(period*((100-dutyCyle)/100));
  24   2           
  25   2            if(motor_switch==0)
  26   2            {
  27   3              delay(20);
  28   3              if(motor_switch==0)
  29   3              {
  30   4                while(motor_switch==0);
  31   4                //dc_motor = ~dc_motor;
  32   4                P1 = ~P1;
  33   4              }
  34   3            }
  35   2            
  36   2            // speed up the motor
  37   2            if(speedUp==0)
  38   2            {
  39   3              delay(20);
  40   3              if(speedUp==0)
  41   3              {
  42   4                dc_motor=1;
  43   4                while(speedUp==0);
  44   4                
  45   4                dutyCyle = dutyCyle<90?(dutyCyle + 10):100;
  46   4                
  47   4              }
  48   3            }
  49   2            
  50   2            // speed down the motor
  51   2            if(speedDown==0)
  52   2            {
  53   3              delay(20);
  54   3              if(speedDown==0)
C51 COMPILER V9.60.0.0   _PAULO_PULSE_MODU                                                 07/22/2020 16:14:02 PAGE 2   

  55   3              {
  56   4                //dc_motor=1;
  57   4                while(speedUp==0);
  58   4                
  59   4                if(dutyCyle>10)
  60   4                {
  61   5                  dutyCyle = dutyCyle-10;
  62   5                }
  63   4                
  64   4                
  65   4              }
  66   3            }
  67   2            
  68   2            
  69   2         }
  70   1      }
  71          
  72          
  73          void delay(char x)// delay function
  74          {
  75   1        char y;
  76   1        while(x--)
  77   1          for(y =0; y<120; y++);
  78   1      }


MODULE INFORMATION:   STATIC OVERLAYABLE
   CODE SIZE        =    195    ----
   CONSTANT SIZE    =   ----    ----
   XDATA SIZE       =   ----    ----
   PDATA SIZE       =   ----    ----
   DATA SIZE        =      2    ----
   IDATA SIZE       =   ----    ----
   BIT SIZE         =   ----    ----
END OF MODULE INFORMATION.


C51 COMPILATION COMPLETE.  0 WARNING(S),  0 ERROR(S)
