C51 COMPILER V9.60.0.0   PINGPONG68_V2                                                     07/26/2020 10:58:26 PAGE 1   


C51 COMPILER V9.60.0.0, COMPILATION OF MODULE PINGPONG68_V2
OBJECT MODULE PLACED IN .\Objects\pingpong68_v2.obj
COMPILER INVOKED BY: C:\Keil_v5\C51\BIN\C51.EXE pingpong68_v2.c OPTIMIZE(8,SPEED) BROWSE DEBUG OBJECTEXTEND PRINT(.\List
                    -ings\pingpong68_v2.lst) TABS(2) OBJECT(.\Objects\pingpong68_v2.obj)

line level    source

   1          #include <reg52.h>
   2          //#include <string.h>
   3          //#include <math.h>
   4          #include <paulobetaX5.h>
   5          #include <paulo8x8_v1.h>
*** WARNING C280 IN LINE 109 OF paulo8x8_v1.h: 'xdel': unreferenced local variable
   6          #define uchar unsigned char
   7          
   8          sbit light0=P1^0;
   9          sbit light1=P1^4;
  10          uchar xx;
  11          uchar clock;//game clock ,out of 100;
  12          uchar milliclock;//game milliclock , 1clock = 100milli_clock;
  13          uchar microclock;//game microclock
  14          
  15          void main(){
  16   1        uchar flag = 1;
  17   1        uchar xflag;
  18   1        uchar xflag0= flag;
  19   1        uchar xflag1= flag;
  20   1        uchar xflag2= flag;
  21   1        while(1){
  22   2          xflag1 = ~xflag1;if(xflag1 == flag){light1=1;}if(xflag1 == ~flag){light1=0;}
  23   2          for(clock=0;clock<=10;clock++){
  24   3              xflag0 = ~xflag0;if(xflag0 == flag){light0=1;;}if(xflag0 == ~flag){light0=0;}
  25   3              for(milliclock=0;milliclock<=100;milliclock++){
  26   4                for(microclock=0;microclock<=100;microclock++){
  27   5                  //get_bin();
  28   5                  //display();
  29   5                  disp_col();
  30   5                }
  31   4              
  32   4              }
  33   3          }
  34   2        }
  35   1      }
*** WARNING C280 IN LINE 17 OF pingpong68_v2.c: 'xflag': unreferenced local variable


MODULE INFORMATION:   STATIC OVERLAYABLE
   CODE SIZE        =   1528    ----
   CONSTANT SIZE    =     64    ----
   XDATA SIZE       =   ----    ----
   PDATA SIZE       =   ----    ----
   DATA SIZE        =     47      11
   IDATA SIZE       =   ----    ----
   BIT SIZE         =   ----    ----
END OF MODULE INFORMATION.


C51 COMPILATION COMPLETE.  2 WARNING(S),  0 ERROR(S)
