  
Rebuild target 'Target 1'
assembling STARTUP.A51...
compiling flowing_lights.c...
linking...
*** WARNING L16: UNCALLED SEGMENT, IGNORED FOR OVERLAY PROCESS
    SEGMENT: ?PR?XBEEP?FLOWING_LIGHTS

*** WARNING L16: UNCALLED SEGMENT, IGNORED FOR OVERLAY PROCESS
    SEGMENT: ?PR?_XSEGMENT?FLOWING_LIGHTS

*** WARNING L16: UNCALLED SEGMENT, IGNORED FOR OVERLAY PROCESS
    SEGMENT: ?PR?_XDISPLAY?FLOWING_LIGHTS

*** WARNING L16: UNCALLED SEGMENT, IGNORED FOR OVERLAY PROCESS
    SEGMENT: ?PR?XGETFULLKEY?FLOWING_LIGHTS

*** WARNING L16: UNCALLED SEGMENT, IGNORED FOR OVERLAY PROCESS
    SEGMENT: ?PR?XGETEFFECTOR?FLOWING_LIGHTS

*** WARNING L16: UNCALLED SEGMENT, IGNORED FOR OVERLAY PROCESS
    SEGMENT: ?PR?XRESETKEY?FLOWING_LIGHTS

*** WARNING L16: UNCALLED SEGMENT, IGNORED FOR OVERLAY PROCESS
    SEGMENT: ?PR?XGETSIDEKEYS?FLOWING_LIGHTS

*** WARNING L16: UNCALLED SEGMENT, IGNORED FOR OVERLAY PROCESS
    SEGMENT: ?PR?_XSPLITER?FLOWING_LIGHTS

*** WARNING L16: UNCALLED SEGMENT, IGNORED FOR OVERLAY PROCESS
    SEGMENT: ?PR?OUTSIDE_INWARD?FLOWING_LIGHTS

*** WARNING L16: UNCALLED SEGMENT, IGNORED FOR OVERLAY PROCESS
    SEGMENT: ?PR?CENTER_OUTWARD?FLOWING_LIGHTS

*** WARNING L16: UNCALLED SEGMENT, IGNORED FOR OVERLAY PROCESS
    SEGMENT: ?PR?LEFT_ACCUMULATION?FLOWING_LIGHTS

*** WARNING L16: UNCALLED SEGMENT, IGNORED FOR OVERLAY PROCESS
    SEGMENT: ?PR?RIGHT_ACCUMULATION?FLOWING_LIGHTS

Program Size: data=43.0 xdata=0 code=1231
creating hex file from ".\Objects\Flowing_Lights"...
".\Objects\Flowing_Lights" - 0 Error(s), 12 Warning(s).
Build Time Elapsed:  00:00:01
