  
Rebuild target 'Target 1'
assembling STARTUP.A51...
compiling [paulo]Matrix_Keyboard-V1.c...
linking...
*** WARNING L16: UNCALLED SEGMENT, IGNORED FOR OVERLAY PROCESS
    SEGMENT: ?PR?XBEEP?_PAULO_MATRIX_KEYBOARD_V1

*** WARNING L16: UNCALLED SEGMENT, IGNORED FOR OVERLAY PROCESS
    SEGMENT: ?PR?_XSECONDS?_PAULO_MATRIX_KEYBOARD_V1

*** WARNING L16: UNCALLED SEGMENT, IGNORED FOR OVERLAY PROCESS
    SEGMENT: ?PR?_XLED?_PAULO_MATRIX_KEYBOARD_V1

*** WARNING L16: UNCALLED SEGMENT, IGNORED FOR OVERLAY PROCESS
    SEGMENT: ?PR?_XSEGMENT?_PAULO_MATRIX_KEYBOARD_V1

*** WARNING L16: UNCALLED SEGMENT, IGNORED FOR OVERLAY PROCESS
    SEGMENT: ?PR?_XDISPLAY?_PAULO_MATRIX_KEYBOARD_V1

*** WARNING L16: UNCALLED SEGMENT, IGNORED FOR OVERLAY PROCESS
    SEGMENT: ?PR?XGETFULLKEY?_PAULO_MATRIX_KEYBOARD_V1

*** WARNING L16: UNCALLED SEGMENT, IGNORED FOR OVERLAY PROCESS
    SEGMENT: ?PR?XGETEFFECTOR?_PAULO_MATRIX_KEYBOARD_V1

*** WARNING L16: UNCALLED SEGMENT, IGNORED FOR OVERLAY PROCESS
    SEGMENT: ?PR?XRESETKEY?_PAULO_MATRIX_KEYBOARD_V1

*** WARNING L16: UNCALLED SEGMENT, IGNORED FOR OVERLAY PROCESS
    SEGMENT: ?PR?XGETSIDEKEYS?_PAULO_MATRIX_KEYBOARD_V1

*** WARNING L16: UNCALLED SEGMENT, IGNORED FOR OVERLAY PROCESS
    SEGMENT: ?PR?_XSPLITER?_PAULO_MATRIX_KEYBOARD_V1

*** WARNING L1: UNRESOLVED EXTERNAL SYMBOL
    SYMBOL:  MAIN
    MODULE:  C:\KEIL_V5\C51\LIB\C51S.LIB (?C_INIT)

*** WARNING L2: REFERENCE MADE TO UNRESOLVED EXTERNAL
    SYMBOL:  MAIN
    MODULE:  C:\KEIL_V5\C51\LIB\C51S.LIB (?C_INIT)
    ADDRESS: 0965H

Program Size: data=40.0 xdata=0 code=1076
creating hex file from ".\Objects\MATRIX_KEYBOARD"...
".\Objects\MATRIX_KEYBOARD" - 0 Error(s), 12 Warning(s).
Build Time Elapsed:  00:00:01
