C51 COMPILER V9.60.0.0   ANALOG2DIGITAL                                                    07/25/2020 01:11:08 PAGE 1   


C51 COMPILER V9.60.0.0, COMPILATION OF MODULE ANALOG2DIGITAL
OBJECT MODULE PLACED IN .\Objects\Analog2digital.obj
COMPILER INVOKED BY: C:\Keil_v5\C51\BIN\C51.EXE Analog2digital.c OPTIMIZE(8,SPEED) BROWSE DEBUG OBJECTEXTEND PRINT(.\Lis
                    -tings\Analog2digital.lst) TABS(2) OBJECT(.\Objects\Analog2digital.obj)

line level    source

   1           
   2           #include<reg52.h>    //??????l???h???????????K?????l???????????J????K???
   3           #include <intrins.h> //????NOP???????_nop_();
   4           #include<[simon]LCD1602.h>
   5           
   6          
   7           #define AddWr 0x90   //??????? 
   8           #define AddRd 0x91   //????????
   9          
  10           sbit RST=P2^4;   //??? ??????????DS1302?????
  11           sbit Sda=P2^0;       //??????????????
  12           sbit Scl=P2^1;
  13           sbit dula=P2^6;
  14           sbit wela=P2^7;
  15          
  16           bit ADFlag;          //????AD????????
  17          unsigned char code Datatab[]={0x3f,0x06,0x5b,0x4f,0x66,0x6d,0x7d,0x07,0x7f,0x6f};//7???????????????
  18          data unsigned char  Display[8];//??????????????????
  19          /*------------------------------------------------
  20                              ???????
  21          ------------------------------------------------*/
  22           void mDelay(unsigned char j)
  23           {
  24   1        unsigned int i;
  25   1        for(;j>0;j--)
  26   1           {
  27   2          for(i=0;i<125;i++)
  28   2             {;}
  29   2          }
  30   1        }
  31          /*------------------------------------------------
  32                              ??'???????1
  33          ------------------------------------------------*/
  34          void Init_Timer1(void)
  35          {
  36   1       TMOD |= 0x10;           
  37   1       TH1=0xff;                  /* Init value */
  38   1       TL1=0x00;
  39   1       //PT1=1;                   /* ?????    */
  40   1       EA=1;                      /* interupt enable */
  41   1       ET1=1;                     /* enable timer1 interrupt */
  42   1       TR1=1;  
  43   1      }
  44          /*------------------------------------------------
  45                              ????IIC????
  46          ------------------------------------------------*/
  47            void Start(void)
  48            {
  49   1         Sda=1;
  50   1         _nop_();
  51   1         Scl=1;
  52   1         _nop_();
  53   1         Sda=0;
  54   1         _nop_();
C51 COMPILER V9.60.0.0   ANALOG2DIGITAL                                                    07/25/2020 01:11:08 PAGE 2   

  55   1         Scl=0;
  56   1        }
  57          
  58          
  59          /*------------------------------------------------
  60                              ??IIC????
  61          ------------------------------------------------*/
  62            void Stop(void)
  63            {
  64   1         Sda=0;
  65   1         _nop_();
  66   1         Scl=1;
  67   1         _nop_();
  68   1         Sda=1;
  69   1         _nop_();
  70   1         Scl=0;
  71   1         }
  72          
  73          
  74          /*------------------------------------------------
  75                             ???IIC????
  76          ------------------------------------------------*/
  77             void Ack(void)
  78             {
  79   1          Sda=0;
  80   1        _nop_();
  81   1        Scl=1;
  82   1        _nop_();
  83   1        Scl=0;
  84   1        _nop_();
  85   1        }
  86          
  87          
  88          /*------------------------------------------------
  89                           ?????IIC????
  90          ------------------------------------------------*/
  91            void NoAck(void)
  92            {
  93   1         Sda=1;
  94   1         _nop_();
  95   1         Scl=1;
  96   1         _nop_();
  97   1         Scl=0;
  98   1         _nop_();
  99   1         }
 100          
 101          
 102          /*------------------------------------------------
 103                        ????h?????
 104          ------------------------------------------------*/
 105             void Send(unsigned char Data)
 106             { 
 107   1          unsigned char BitCounter=8;
 108   1          unsigned char temp;
 109   1      
 110   1          do
 111   1            {
 112   2           temp=Data;
 113   2           Scl=0;
 114   2           _nop_();
 115   2           if((temp&0x80)==0x80)
 116   2              Sda=1;
C51 COMPILER V9.60.0.0   ANALOG2DIGITAL                                                    07/25/2020 01:11:08 PAGE 3   

 117   2           else
 118   2              Sda=0;
 119   2      
 120   2            Scl=1;
 121   2            temp=Data<<1;
 122   2            Data=temp;
 123   2            BitCounter--;
 124   2            }
 125   1          while(BitCounter);
 126   1              Scl=0;
 127   1          }
 128          
 129          
 130          /*------------------------------------------------
 131                         ????h??????????
 132          ------------------------------------------------*/
 133          unsigned char Read(void)
 134          {
 135   1           unsigned char temp=0;
 136   1           unsigned char temp1=0;
 137   1           unsigned char BitCounter=8;
 138   1      
 139   1           Sda=1;
 140   1           do
 141   1             {
 142   2            Scl=0;
 143   2                _nop_();
 144   2            Scl=1;
 145   2            _nop_();
 146   2            if(Sda)
 147   2               temp=temp|0x01;
 148   2            else
 149   2               temp=temp&0xfe;
 150   2      
 151   2            if(BitCounter-1)
 152   2               {
 153   3              temp1=temp<<1;
 154   3              temp=temp1;
 155   3              }
 156   2              BitCounter--;
 157   2             }
 158   1          while(BitCounter);
 159   1          return(temp);
 160   1          }
 161          
 162           
 163          /*------------------------------------------------
 164                              ???DA??g????
 165          ------------------------------------------------*/
 166              void DAC(unsigned char Data)
 167              {
 168   1             Start();
 169   1             Send(AddWr); //????????
 170   1             Ack();
 171   1             Send(0x40);  //?????????'??DAC???
 172   1             Ack();
 173   1             Send(Data);  //?????
 174   1             Ack();
 175   1             Stop();
 176   1           
 177   1           }
 178          
C51 COMPILER V9.60.0.0   ANALOG2DIGITAL                                                    07/25/2020 01:11:08 PAGE 4   

 179          /*------------------------------------------------
 180                           ???ADg????????????????
 181          ------------------------------------------------*/
 182              unsigned char ReadADC(unsigned char Chl)
 183              {
 184   1             unsigned char Data;
 185   1             Start();        //????????
 186   1             Send(AddWr);
 187   1             Ack();
 188   1             Send(0x40|Chl);//????????????????????õ????????????????????????
 189   1                            //Chl???????0??1??2??3????????1-4???
 190   1             Ack();
 191   1             Start();
 192   1             Send(AddRd);    //??????
 193   1             Ack();
 194   1             Data=Read();    //??????
 195   1             Scl=0;
 196   1             NoAck();
 197   1             Stop();
 198   1             return Data;   //?????
 199   1          }
 200          
 201          void cmg(void)//???????????      ?????DS1302
 202          {
 203   1      dula=1;
 204   1      P0=0x00;
 205   1      dula=0;
 206   1      wela=1;
 207   1      P0=0x00;
 208   1      wela=0;
 209   1      RST=0;    //    ?????DS1302
 210   1      }
 211          
 212          
 213          /*------------------------------------------------
 214                             ??????
 215          ------------------------------------------------*/
 216            void main()
 217            {
 218   1      
 219   1       
 220   1         unsigned char num;                   //DA??g???????
 221   1         unsigned char ADtemp;                //??????????
 222   1         InitLcd();
 223   1           mDelay(20);
 224   1           Init_Timer1();
 225   1         cmg();                                //?????????
 226   1         while(1)
 227   1              { 
 228   2                 DAC(num);       //DA???????????LEDg??????
 229   2             num=255;      //DA????????ã????255??DA ?????????????LED_AD??????
 230   2      //       num++;          //??????256????????0????????????????LED??????????
 231   2             mDelay(20);     //?????????????????
 232   2             if(ADFlag)      //??????????g????
 233   2                 {
 234   3            ADFlag=0;
 235   3      
 236   3            ADtemp=ReadADC(0);      //????????????AD1
 237   3          TempData[0]=(ReadADC(0))/50;//????0?????????
 238   3            TempData[1]=((ReadADC(0))%50)/10;
 239   3       /*   
 240   3              ADtemp=ReadADC(1);      //????????????AD2
C51 COMPILER V9.60.0.0   ANALOG2DIGITAL                                                    07/25/2020 01:11:08 PAGE 5   

 241   3          TempData[2]=(ReadADC(1))/50;//????1????????? ???????????S?????????????
 242   3            TempData[3]=((ReadADC(1))%50)/10;
 243   3            
 244   3              ADtemp=ReadADC(2);     //????????????AD3
 245   3          TempData[4]=(ReadADC(2))/50;//????2????????? ???????????S?????????????
 246   3            TempData[5]=((ReadADC(2))%50)/10;
 247   3            
 248   3              ADtemp=ReadADC(3);     //????????????AD4
 249   3          TempData[6]=(ReadADC(3))/50;//????3????????? ???????????S?????????????
 250   3            TempData[7]=((ReadADC(4))%50)/10;
 251   3      */      
 252   3              disp();
 253   3             }
 254   2           }
 255   1        }
 256          
 257          /*------------------------------------------------
 258                             ???????????
 259          ------------------------------------------------*/
 260          void Timer1_isr(void) interrupt 3 using 1//?????1?????????????
 261          {
 262   1      
 263   1       static unsigned int j;
 264   1       TH1=0xfb;    //???¸??
 265   1       TL1=0x00;
 266   1       j++;
 267   1       if(j==200) 
 268   1          {j=0;ADFlag=1;} //??????AD????????
 269   1         
 270   1         // P0=Display[count];//??????????????
 271   1         // P2=count;
 272   1         // count++;
 273   1        // if(count==8)     //??????8???????
 274   1         //   count=0;
 275   1      
 276   1       
 277   1      }


MODULE INFORMATION:   STATIC OVERLAYABLE
   CODE SIZE        =    633    ----
   CONSTANT SIZE    =     10    ----
   XDATA SIZE       =   ----    ----
   PDATA SIZE       =   ----    ----
   DATA SIZE        =     52       7
   IDATA SIZE       =   ----    ----
   BIT SIZE         =      1    ----
END OF MODULE INFORMATION.


C51 COMPILATION COMPLETE.  0 WARNING(S),  0 ERROR(S)
