Build target 'Target 1'
linking...
*** WARNING L16: UNCALLED SEGMENT, IGNORED FOR OVERLAY PROCESS
    SEGMENT: ?PR?XBEEP?PINGPONG68_V7

*** WARNING L16: UNCALLED SEGMENT, IGNORED FOR OVERLAY PROCESS
    SEGMENT: ?PR?_XSECONDS?PINGPONG68_V7

*** WARNING L16: UNCALLED SEGMENT, IGNORED FOR OVERLAY PROCESS
    SEGMENT: ?PR?XGETFULLKEY?PINGPONG68_V7

*** WARNING L16: UNCALLED SEGMENT, IGNORED FOR OVERLAY PROCESS
    SEGMENT: ?PR?XRESETKEY?PINGPONG68_V7

*** WARNING L16: UNCALLED SEGMENT, IGNORED FOR OVERLAY PROCESS
    SEGMENT: ?PR?GET_BIN?PINGPONG68_V7

*** WARNING L16: UNCALLED SEGMENT, IGNORED FOR OVERLAY PROCESS
    SEGMENT: ?PR?_GET_COL?PINGPONG68_V7

*** WARNING L16: UNCALLED SEGMENT, IGNORED FOR OVERLAY PROCESS
    SEGMENT: ?PR?_XROW?PINGPONG68_V7

*** WARNING L16: UNCALLED SEGMENT, IGNORED FOR OVERLAY PROCESS
    SEGMENT: ?PR?AI_CALCULATE?PINGPONG68_V7

*** WARNING L16: UNCALLED SEGMENT, IGNORED FOR OVERLAY PROCESS
    SEGMENT: ?PR?_CHANGE_INCREMEMT?PINGPONG68_V7

Program Size: data=81.1 xdata=64 code=5809
creating hex file from ".\Objects\PingPong68_V7"...
".\Objects\PingPong68_V7" - 0 Error(s), 9 Warning(s).
Build Time Elapsed:  00:00:01
