C51 COMPILER V9.60.0.0   PINGPONG68                                                        07/25/2020 01:23:30 PAGE 1   


C51 COMPILER V9.60.0.0, COMPILATION OF MODULE PINGPONG68
OBJECT MODULE PLACED IN .\Objects\PingPong68.obj
COMPILER INVOKED BY: C:\Keil_v5\C51\BIN\C51.EXE PingPong68.c OPTIMIZE(8,SPEED) BROWSE DEBUG OBJECTEXTEND PRINT(.\Listing
                    -s\PingPong68.lst) TABS(2) OBJECT(.\Objects\PingPong68.obj)

line level    source

   1          #include <reg52.h>
   2          //#include <string.h>
   3          //#include <paulo8x8_v1.h>
   4          //#include <paulobetaX5.c>
   5          //#define uchar unsigned char
   6            
   7          int clock;// game clock // range [1-100]
   8          int sub_clock; //game sub_clock [100 subclocks form 1 clock]
   9          void calculate_xy(int z); // calculates x,y cordinates to be used to change values in display matrix
  10          void main(){
  11   1        while(1){
  12   2          for(clock=0;clock<=100;clock++){
  13   3            for(sub_clock=0;sub_clock<=100;sub_clock++){
  14   4              //get_bin();
  15   4              //display();
  16   4              }
  17   3          }
  18   2        } 
  19   1      }
  20          
  21          void calculate_xy(int z){}
*** WARNING C280 IN LINE 21 OF PingPong68.c: 'z': unreferenced local variable


MODULE INFORMATION:   STATIC OVERLAYABLE
   CODE SIZE        =     45    ----
   CONSTANT SIZE    =   ----    ----
   XDATA SIZE       =   ----    ----
   PDATA SIZE       =   ----    ----
   DATA SIZE        =      4       2
   IDATA SIZE       =   ----    ----
   BIT SIZE         =   ----    ----
END OF MODULE INFORMATION.


C51 COMPILATION COMPLETE.  1 WARNING(S),  0 ERROR(S)
