C51 COMPILER V9.60.0.0   MOTOR                                                             07/21/2020 16:31:35 PAGE 1   


C51 COMPILER V9.60.0.0, COMPILATION OF MODULE MOTOR
OBJECT MODULE PLACED IN .\Objects\motor.obj
COMPILER INVOKED BY: C:\Keil_v5\C51\BIN\C51.EXE motor.c OPTIMIZE(8,SPEED) BROWSE DEBUG OBJECTEXTEND PRINT(.\Listings\mot
                    -or.lst) TABS(2) OBJECT(.\Objects\motor.obj)

line level    source

   1          #include <reg52.h>
   2          #include "../../headers/paulobetaX5.c"
   3          // GND TO VCC
   4          // MOTOR TO VCC+ AND DC-
   5          void main(){
   6   1        P1 =0;
   7   1        xsegment(1);
   8   1        xdisplay(0);
   9   1        while(1){
  10   2            xkey=0;
  11   2            xgetfullkey();
  12   2            if(xkey==1){
  13   3              xdisplay(1);
  14   3              P1=1;
  15   3            }
  16   2            if(xkey==2){
  17   3              xdisplay(2);
  18   3              P1=0;
  19   3            }
  20   2            if(xkey==0){
  21   3              xdisplay(0);
  22   3              P1=0;
  23   3            }
  24   2        }
  25   1      }


MODULE INFORMATION:   STATIC OVERLAYABLE
   CODE SIZE        =    804    ----
   CONSTANT SIZE    =   ----    ----
   XDATA SIZE       =   ----    ----
   PDATA SIZE       =   ----    ----
   DATA SIZE        =     27       4
   IDATA SIZE       =   ----    ----
   BIT SIZE         =   ----    ----
END OF MODULE INFORMATION.


C51 COMPILATION COMPLETE.  0 WARNING(S),  0 ERROR(S)
